=== MPSGraphExecutable Debug Log ===

Starting debug session...
Creating Metal device...
Using device: Apple M2 Max
Creating simple graph...
Creating shape: [2, 2]
Creating placeholder tensors...
Creating operations...
Compiling graph...
Calling graph.compile()...
Graph compiled successfully.
Preparing data...
Creating Metal buffers...
Creating TensorData...
Setting up command execution...
About to call encode_to_command_buffer...
Testing direct graph execution first...
Direct graph execution completed successfully.
Version 1: Using autoreleasepool and explicit interfaces
V1: Created command buffer and descriptor
